
Showing logs for build [32mcb-kubecd-environment-pr-5452-3-hszd6-1[0m stage [32mmeta-pipeline[0m and container [32mstep-credential-initializer-bqgn9[0m
{"level":"warn","ts":1568284806.8258207,"logger":"fallback-logger","caller":"logging/config.go:69","msg":"Fetch GitHub commit ID from kodata failed: \"ref: refs/heads/master\" is not a valid GitHub commit ID"}
{"level":"info","ts":1568284806.8264005,"logger":"fallback-logger","caller":"creds-init/main.go:40","msg":"Credentials initialized."}

Showing logs for build [32mcb-kubecd-environment-pr-5452-3-hszd6-1[0m stage [32mmeta-pipeline[0m and container [32mstep-working-dir-initializer-4fkf8[0m
{"level":"warn","ts":1568284808.1906345,"logger":"fallback-logger","caller":"logging/config.go:69","msg":"Fetch GitHub commit ID from kodata failed: open /var/run/ko/HEAD: no such file or directory"}
{"level":"info","ts":1568284808.1974187,"logger":"fallback-logger","caller":"bash/main.go:65","msg":"Successfully executed command \"mkdir -p /workspace/source\""}

Showing logs for build [32mcb-kubecd-environment-pr-5452-3-hszd6-1[0m stage [32mmeta-pipeline[0m and container [32mstep-place-tools[0m

Showing logs for build [32mcb-kubecd-environment-pr-5452-3-hszd6-1[0m stage [32mmeta-pipeline[0m and container [32mstep-git-source-meta-cb-kubecd-environment-pr-5-sqbl9[0m
{"level":"warn","ts":1568284813.2740276,"logger":"fallback-logger","caller":"logging/config.go:69","msg":"Fetch GitHub commit ID from kodata failed: \"ref: refs/heads/master\" is not a valid GitHub commit ID"}
{"level":"info","ts":1568284814.3621728,"logger":"fallback-logger","caller":"git/git.go:102","msg":"Successfully cloned https://github.com/cb-kubecd/environment-pr-5452-3-tekton-gkebdd-production.git @ fced85e08cd998f92c6b5694d7e75f888f08e43f in path /workspace/source"}

Showing logs for build [32mcb-kubecd-environment-pr-5452-3-hszd6-1[0m stage [32mmeta-pipeline[0m and container [32mstep-git-merge[0m
Using SHAs from PULL_REFS=master:fced85e08cd998f92c6b5694d7e75f888f08e43f,1:8419066a17c03268d2013729d53a1a250237db29
DEBUG: ran git fetch --unshallow origin 8419066a17c03268d2013729d53a1a250237db29: fced85e08cd998f92c6b5694d7e75f888f08e43f: in 
DEBUG: ran git checkout master in 
DEBUG: ran git reset --hard fced85e08cd998f92c6b5694d7e75f888f08e43f in 
DEBUG: ran clean --force -d . in 
DEBUG: ran git merge 8419066a17c03268d2013729d53a1a250237db29 in 
Merged SHA 8419066a17c03268d2013729d53a1a250237db29 with commit message 'chore: Promote bdd-spring-1568284140 to version 0.0.1' into base branch master

Showing logs for build [32mcb-kubecd-environment-pr-5452-3-hszd6-1[0m stage [32mmeta-pipeline[0m and container [32mstep-merge-pull-refs[0m
DEBUG: ran git fetch origin 8419066a17c03268d2013729d53a1a250237db29: fced85e08cd998f92c6b5694d7e75f888f08e43f: in 
DEBUG: Unshallowed git repo in 
DEBUG: ran git checkout master in 
DEBUG: ran git reset --hard fced85e08cd998f92c6b5694d7e75f888f08e43f in 
DEBUG: ran clean --force -d . in 
DEBUG: ran git merge 8419066a17c03268d2013729d53a1a250237db29 in 
Merged SHA 8419066a17c03268d2013729d53a1a250237db29 with commit message 'chore: Promote bdd-spring-1568284140 to version 0.0.1' into base branch master

Showing logs for build [32mcb-kubecd-environment-pr-5452-3-hszd6-1[0m stage [32mmeta-pipeline[0m and container [32mstep-create-effective-pipeline[0m
Deleting and cloning the Jenkins X versions repo
Cloning the Jenkins X versions repo https://github.com/jenkins-x/jenkins-x-versions.git with ref refs/heads/master to /builder/home/.**/jenkins-x-versions
selected pack: /builder/home/.**/draft/packs/github.com/jenkins-x-buildpacks/jenkins-x-kubernetes/packs/environment
Effective pipeline written to jenkins-x-promotion-build-effective.yml

Showing logs for build [32mcb-kubecd-environment-pr-5452-3-hszd6-1[0m stage [32mmeta-pipeline[0m and container [32mstep-create-tekton-crds[0m
PipelineActivity for cb-kubecd-environment-pr-5452-3-tekton-gkebdd-production-PR-1-1
Applying changes 
upserted PipelineResource cb-kubecd-environment-pr-5452-3 for the git repository https://github.com/cb-kubecd/environment-pr-5452-3-tekton-gkebdd-production.git
upserted Task cb-kubecd-environment-pr-5452-3-hszd6-from-build-pack-1
upserted Pipeline cb-kubecd-environment-pr-5452-3-hszd6-1
created PipelineRun cb-kubecd-environment-pr-5452-3-hszd6-1
created PipelineStructure cb-kubecd-environment-pr-5452-3-hszd6-1

Showing logs for build [32mcb-kubecd-environment-pr-5452-3-hszd6-1[0m stage [32mfrom-build-pack[0m and container [32mstep-credential-initializer-g7h6g[0m
{"level":"warn","ts":1568284828.7956526,"logger":"fallback-logger","caller":"logging/config.go:69","msg":"Fetch GitHub commit ID from kodata failed: \"ref: refs/heads/master\" is not a valid GitHub commit ID"}
{"level":"info","ts":1568284828.796224,"logger":"fallback-logger","caller":"creds-init/main.go:40","msg":"Credentials initialized."}

Showing logs for build [32mcb-kubecd-environment-pr-5452-3-hszd6-1[0m stage [32mfrom-build-pack[0m and container [32mstep-working-dir-initializer-wnqdc[0m
{"level":"warn","ts":1568284829.7707014,"logger":"fallback-logger","caller":"logging/config.go:69","msg":"Fetch GitHub commit ID from kodata failed: open /var/run/ko/HEAD: no such file or directory"}
{"level":"info","ts":1568284829.7722766,"logger":"fallback-logger","caller":"bash/main.go:65","msg":"Successfully executed command \"mkdir -p /workspace/source /workspace/source/env\""}

Showing logs for build [32mcb-kubecd-environment-pr-5452-3-hszd6-1[0m stage [32mfrom-build-pack[0m and container [32mstep-place-tools[0m

Showing logs for build [32mcb-kubecd-environment-pr-5452-3-hszd6-1[0m stage [32mfrom-build-pack[0m and container [32mstep-git-source-cb-kubecd-environment-pr-5452-3-hpwqt[0m
{"level":"warn","ts":1568284833.9054155,"logger":"fallback-logger","caller":"logging/config.go:69","msg":"Fetch GitHub commit ID from kodata failed: \"ref: refs/heads/master\" is not a valid GitHub commit ID"}
{"level":"info","ts":1568284834.9519036,"logger":"fallback-logger","caller":"git/git.go:102","msg":"Successfully cloned https://github.com/cb-kubecd/environment-pr-5452-3-tekton-gkebdd-production.git @ master in path /workspace/source"}

Showing logs for build [32mcb-kubecd-environment-pr-5452-3-hszd6-1[0m stage [32mfrom-build-pack[0m and container [32mstep-git-merge[0m
Using SHAs from PULL_REFS=master:fced85e08cd998f92c6b5694d7e75f888f08e43f,1:8419066a17c03268d2013729d53a1a250237db29
DEBUG: ran git fetch --unshallow origin 8419066a17c03268d2013729d53a1a250237db29: fced85e08cd998f92c6b5694d7e75f888f08e43f: in 
DEBUG: ran git checkout master in 
DEBUG: ran git reset --hard fced85e08cd998f92c6b5694d7e75f888f08e43f in 
DEBUG: ran clean --force -d . in 
DEBUG: ran git merge 8419066a17c03268d2013729d53a1a250237db29 in 
Merged SHA 8419066a17c03268d2013729d53a1a250237db29 with commit message 'chore: Promote bdd-spring-1568284140 to version 0.0.1' into base branch master

Showing logs for build [32mcb-kubecd-environment-pr-5452-3-hszd6-1[0m stage [32mfrom-build-pack[0m and container [32mstep-build-helm-build[0m
WARNING: No $CHART_REPOSITORY defined so using the default value of: http://jenkins-x-chartmuseum:8080
Adding missing Helm repo: storage.googleapis.com https://storage.googleapis.com/chartmuseum.jenkins-x.io
Successfully added Helm repository storage.googleapis.com.
Adding missing Helm repo: jenkins-x-chartmuseum http://jenkins-x-chartmuseum:8080
Successfully added Helm repository jenkins-x-chartmuseum.
WARNING: No $CHART_REPOSITORY defined so using the default value of: http://jenkins-x-chartmuseum:8080
Adding missing Helm repo: chartmuseum.jenkins-x.io http://chartmuseum.jenkins-x.io
Successfully added Helm repository chartmuseum.jenkins-x.io.
